2023-01-21 04:40:00 [restartedMain] INFO  o.s.o.KaggleToKafkaServiceApplication - Starting KaggleToKafkaServiceApplication using Java 17.0.4 on 9ca2d0cfeef7 with PID 20675 (/workspaces/sage-monorepo/apps/openchallenges/kaggle-to-kafka-service/build/classes/java/main started by vscode in /workspaces/sage-monorepo/apps/openchallenges/kaggle-to-kafka-service)
2023-01-21 04:40:00 [restartedMain] INFO  o.s.o.KaggleToKafkaServiceApplication - No active profile set, falling back to 1 default profile: "default"
2023-01-21 04:40:00 [restartedMain] INFO  o.s.b.d.e.DevToolsPropertyDefaultsPostProcessor - Devtools property defaults active! Set 'spring.devtools.add-properties' to 'false' to disable
2023-01-21 04:40:00 [restartedMain] WARN  o.s.b.d.a.OptionalLiveReloadServer - Unable to start LiveReload server
2023-01-21 04:40:00 [restartedMain] INFO  o.s.o.KaggleToKafkaServiceApplication - Started KaggleToKafkaServiceApplication in 1.101 seconds (JVM running for 1.637)
2023-01-21 04:40:00 [restartedMain] INFO  o.s.o.KaggleToKafkaServiceApplication - Hello
2023-01-21 04:42:15 [restartedMain] INFO  o.s.o.KaggleToKafkaServiceApplication - Starting KaggleToKafkaServiceApplication using Java 17.0.4 on 9ca2d0cfeef7 with PID 22012 (/workspaces/sage-monorepo/apps/openchallenges/kaggle-to-kafka-service/build/classes/java/main started by vscode in /workspaces/sage-monorepo/apps/openchallenges/kaggle-to-kafka-service)
2023-01-21 04:42:15 [restartedMain] INFO  o.s.o.KaggleToKafkaServiceApplication - No active profile set, falling back to 1 default profile: "default"
2023-01-21 04:42:15 [restartedMain] INFO  o.s.b.d.e.DevToolsPropertyDefaultsPostProcessor - Devtools property defaults active! Set 'spring.devtools.add-properties' to 'false' to disable
2023-01-21 04:42:16 [restartedMain] WARN  o.s.b.d.a.OptionalLiveReloadServer - Unable to start LiveReload server
2023-01-21 04:42:16 [restartedMain] INFO  o.s.o.KaggleToKafkaServiceApplication - Started KaggleToKafkaServiceApplication in 1.094 seconds (JVM running for 1.716)
2023-01-21 04:42:16 [restartedMain] INFO  o.s.o.KaggleToKafkaServiceApplication - Hello
2023-01-21 04:50:56 [restartedMain] INFO  o.s.o.KaggleToKafkaServiceApplication - Starting KaggleToKafkaServiceApplication using Java 17.0.4 on 9ca2d0cfeef7 with PID 2290 (/workspaces/sage-monorepo/apps/openchallenges/kaggle-to-kafka-service/build/classes/java/main started by vscode in /workspaces/sage-monorepo/apps/openchallenges/kaggle-to-kafka-service)
2023-01-21 04:50:56 [restartedMain] INFO  o.s.o.KaggleToKafkaServiceApplication - No active profile set, falling back to 1 default profile: "default"
2023-01-21 04:50:56 [restartedMain] INFO  o.s.b.d.e.DevToolsPropertyDefaultsPostProcessor - Devtools property defaults active! Set 'spring.devtools.add-properties' to 'false' to disable
2023-01-21 04:50:56 [restartedMain] INFO  o.s.b.d.a.OptionalLiveReloadServer - LiveReload server is running on port 35729
2023-01-21 04:50:56 [restartedMain] INFO  o.s.o.KaggleToKafkaServiceApplication - Started KaggleToKafkaServiceApplication in 1.293 seconds (JVM running for 2.593)
2023-01-21 04:50:56 [restartedMain] INFO  o.s.o.KaggleToKafkaServiceApplication - Hello
2023-01-21 04:50:56 [restartedMain] INFO  o.s.o.KaggleToKafkaServiceApplication - [biology, cancer, cell, drug, health, life sciences, medicine, neuro]
2023-01-21 04:57:05 [restartedMain] INFO  o.s.o.KaggleToKafkaServiceApplication - Starting KaggleToKafkaServiceApplication using Java 17.0.4 on 9ca2d0cfeef7 with PID 7341 (/workspaces/sage-monorepo/apps/openchallenges/kaggle-to-kafka-service/build/classes/java/main started by vscode in /workspaces/sage-monorepo/apps/openchallenges/kaggle-to-kafka-service)
2023-01-21 04:57:05 [restartedMain] INFO  o.s.o.KaggleToKafkaServiceApplication - No active profile set, falling back to 1 default profile: "default"
2023-01-21 04:57:05 [restartedMain] INFO  o.s.b.d.e.DevToolsPropertyDefaultsPostProcessor - Devtools property defaults active! Set 'spring.devtools.add-properties' to 'false' to disable
2023-01-21 04:57:06 [restartedMain] INFO  o.s.b.d.a.OptionalLiveReloadServer - LiveReload server is running on port 35729
2023-01-21 04:57:06 [restartedMain] INFO  o.s.o.KaggleToKafkaServiceApplication - Started KaggleToKafkaServiceApplication in 1.61 seconds (JVM running for 2.597)
2023-01-21 04:57:06 [restartedMain] INFO  o.s.o.KaggleToKafkaServiceApplication - Hello
2023-01-21 04:57:06 [restartedMain] INFO  o.s.o.KaggleToKafkaServiceApplication - [biology, cancer, cell, drug, health, life sciences, medicine, neuro]
2023-01-21 04:57:06 [restartedMain] INFO  o.s.o.KaggleToKafkaServiceApplication - [biology, cancer, cell, drug, health, life sciences, medicine, neuro]
2023-01-21 04:59:28 [restartedMain] INFO  o.s.o.KaggleToKafkaServiceApplication - Starting KaggleToKafkaServiceApplication using Java 17.0.4 on 9ca2d0cfeef7 with PID 10169 (/workspaces/sage-monorepo/apps/openchallenges/kaggle-to-kafka-service/build/classes/java/main started by vscode in /workspaces/sage-monorepo/apps/openchallenges/kaggle-to-kafka-service)
2023-01-21 04:59:28 [restartedMain] INFO  o.s.o.KaggleToKafkaServiceApplication - No active profile set, falling back to 1 default profile: "default"
2023-01-21 04:59:28 [restartedMain] INFO  o.s.b.d.e.DevToolsPropertyDefaultsPostProcessor - Devtools property defaults active! Set 'spring.devtools.add-properties' to 'false' to disable
2023-01-21 04:59:28 [restartedMain] INFO  o.s.b.d.a.OptionalLiveReloadServer - LiveReload server is running on port 35729
2023-01-21 04:59:28 [restartedMain] INFO  o.s.o.KaggleToKafkaServiceApplication - Started KaggleToKafkaServiceApplication in 1.198 seconds (JVM running for 1.824)
2023-01-21 04:59:28 [restartedMain] INFO  o.s.o.KaggleToKafkaServiceApplication - Welcome to Kaggle to Kafka service
2023-01-21 04:59:28 [restartedMain] INFO  o.s.o.KaggleToKafkaServiceApplication - [biology, cancer, cell, drug, health, life sciences, medicine, neuro]
2023-01-21 05:13:51 [restartedMain] INFO  o.s.o.KaggleToKafkaServiceApplication - Starting KaggleToKafkaServiceApplication using Java 17.0.4 on 9ca2d0cfeef7 with PID 21754 (/workspaces/sage-monorepo/apps/openchallenges/kaggle-to-kafka-service/build/classes/java/main started by vscode in /workspaces/sage-monorepo/apps/openchallenges/kaggle-to-kafka-service)
2023-01-21 05:13:51 [restartedMain] INFO  o.s.o.KaggleToKafkaServiceApplication - No active profile set, falling back to 1 default profile: "default"
2023-01-21 05:13:51 [restartedMain] INFO  o.s.b.d.e.DevToolsPropertyDefaultsPostProcessor - Devtools property defaults active! Set 'spring.devtools.add-properties' to 'false' to disable
2023-01-21 05:13:52 [restartedMain] INFO  o.s.b.d.a.OptionalLiveReloadServer - LiveReload server is running on port 35729
2023-01-21 05:13:52 [restartedMain] INFO  o.s.o.KaggleToKafkaServiceApplication - Started KaggleToKafkaServiceApplication in 1.143 seconds (JVM running for 1.683)
2023-01-21 05:13:52 [restartedMain] INFO  o.s.o.KaggleToKafkaServiceApplication - Welcome to Kaggle to Kafka service
2023-01-21 05:13:52 [restartedMain] INFO  o.s.o.KaggleToKafkaServiceApplication - [biology, cancer, cell, drug, health, life sciences, medicine, neuro]
2023-01-21 06:05:16 [restartedMain] INFO  o.s.o.KaggleToKafkaServiceApplication - Starting KaggleToKafkaServiceApplication using Java 17.0.4 on 9ca2d0cfeef7 with PID 29201 (/workspaces/sage-monorepo/apps/openchallenges/kaggle-to-kafka-service/build/classes/java/main started by vscode in /workspaces/sage-monorepo/apps/openchallenges/kaggle-to-kafka-service)
2023-01-21 06:05:16 [restartedMain] INFO  o.s.o.KaggleToKafkaServiceApplication - No active profile set, falling back to 1 default profile: "default"
2023-01-21 06:05:16 [restartedMain] INFO  o.s.b.d.e.DevToolsPropertyDefaultsPostProcessor - Devtools property defaults active! Set 'spring.devtools.add-properties' to 'false' to disable
2023-01-21 06:05:16 [restartedMain] INFO  o.s.b.d.a.OptionalLiveReloadServer - LiveReload server is running on port 35729
2023-01-21 06:05:16 [restartedMain] INFO  o.s.o.KaggleToKafkaServiceApplication - Started KaggleToKafkaServiceApplication in 1.112 seconds (JVM running for 1.715)
2023-01-21 06:05:16 [restartedMain] INFO  o.s.o.KaggleToKafkaServiceApplication - Welcome to Kaggle to Kafka service
2023-01-21 06:05:16 [restartedMain] INFO  o.s.o.KaggleToKafkaServiceApplication - [biology, cancer, cell, drug, health, life sciences, medicine, neuro]
2023-01-21 06:05:16 [restartedMain] INFO  o.s.o.runner.MockKafkaStreamRunner - Starting mock filtering Kaggle challenges for search terms [biology, cancer, cell, drug, health, life sciences, medicine, neuro]
2023-01-21 06:05:16 [pool-1-thread-1] INFO  o.s.o.runner.MockKafkaStreamRunner - plop
2023-01-21 06:05:26 [pool-1-thread-1] INFO  o.s.o.runner.MockKafkaStreamRunner - plop
