2023-02-04 14:33:23 [restartedMain] INFO  o.s.o.c.s.OpenChallengesConfigServer - Starting OpenChallengesConfigServer using Java 17.0.4 on 131d17258f7f with PID 21541 (/workspaces/sage-monorepo/apps/openchallenges/config-server/build/classes/java/main started by vscode in /workspaces/sage-monorepo/apps/openchallenges/config-server)
2023-02-04 14:33:23 [restartedMain] INFO  o.s.o.c.s.OpenChallengesConfigServer - No active profile set, falling back to 1 default profile: "default"
2023-02-04 14:33:23 [background-preinit] INFO  o.h.validator.internal.util.Version - HV000001: Hibernate Validator 6.2.5.Final
2023-02-04 14:33:23 [restartedMain] INFO  o.s.b.d.e.DevToolsPropertyDefaultsPostProcessor - Devtools property defaults active! Set 'spring.devtools.add-properties' to 'false' to disable
2023-02-04 14:33:23 [restartedMain] INFO  o.s.b.d.e.DevToolsPropertyDefaultsPostProcessor - For additional web related logging consider setting the 'logging.level.web' property to 'DEBUG'
2023-02-04 14:33:26 [restartedMain] INFO  o.s.cloud.context.scope.GenericScope - BeanFactory id=757a1e86-1d02-3335-8b65-af385edd70b3
2023-02-04 14:33:28 [restartedMain] INFO  o.s.b.w.e.tomcat.TomcatWebServer - Tomcat initialized with port(s): 8090 (http)
2023-02-04 14:33:28 [restartedMain] INFO  o.a.coyote.http11.Http11NioProtocol - Initializing ProtocolHandler ["http-nio-8090"]
2023-02-04 14:33:28 [restartedMain] INFO  o.a.catalina.core.StandardService - Starting service [Tomcat]
2023-02-04 14:33:28 [restartedMain] INFO  o.a.catalina.core.StandardEngine - Starting Servlet engine: [Apache Tomcat/9.0.65]
2023-02-04 14:33:28 [restartedMain] INFO  o.a.c.c.C.[Tomcat].[localhost].[/] - Initializing Spring embedded WebApplicationContext
2023-02-04 14:33:28 [restartedMain] INFO  o.s.b.w.s.c.ServletWebServerApplicationContext - Root WebApplicationContext: initialization completed in 5402 ms
2023-02-04 14:33:30 [restartedMain] INFO  o.s.b.d.a.OptionalLiveReloadServer - LiveReload server is running on port 35729
2023-02-04 14:33:31 [restartedMain] WARN  o.s.b.w.s.c.AnnotationConfigServletWebServerApplicationContext - Exception encountered during context initialization - cancelling refresh attempt: org.springframework.beans.factory.BeanCreationException: Error creating bean with name 'defaultEnvironmentRepository' defined in class path resource [org/springframework/cloud/config/server/config/DefaultRepositoryConfiguration.class]: Invocation of init method failed; nested exception is java.lang.IllegalStateException: You need to configure a uri for the git repository.
2023-02-04 14:33:31 [restartedMain] INFO  o.a.catalina.core.StandardService - Stopping service [Tomcat]
2023-02-04 14:33:31 [restartedMain] INFO  o.s.b.a.l.ConditionEvaluationReportLoggingListener - 

Error starting ApplicationContext. To display the conditions report re-run your application with 'debug' enabled.
2023-02-04 14:33:31 [restartedMain] ERROR o.s.b.d.LoggingFailureAnalysisReporter - 

***************************
APPLICATION FAILED TO START
***************************

Description:

Invalid config server configuration.

Action:

If you are using the git profile, you need to set a Git URI in your configuration.  If you have set spring.cloud.config.server.bootstrap=true, you need to use a composite configuration.

2023-02-04 14:35:22 [background-preinit] INFO  o.h.validator.internal.util.Version - HV000001: Hibernate Validator 6.2.5.Final
2023-02-04 14:35:22 [restartedMain] INFO  o.s.o.c.s.OpenChallengesConfigServer - Starting OpenChallengesConfigServer using Java 17.0.4 on 131d17258f7f with PID 23297 (/workspaces/sage-monorepo/apps/openchallenges/config-server/build/classes/java/main started by vscode in /workspaces/sage-monorepo/apps/openchallenges/config-server)
2023-02-04 14:35:22 [restartedMain] INFO  o.s.o.c.s.OpenChallengesConfigServer - No active profile set, falling back to 1 default profile: "default"
2023-02-04 14:35:22 [restartedMain] INFO  o.s.b.d.e.DevToolsPropertyDefaultsPostProcessor - Devtools property defaults active! Set 'spring.devtools.add-properties' to 'false' to disable
2023-02-04 14:35:22 [restartedMain] INFO  o.s.b.d.e.DevToolsPropertyDefaultsPostProcessor - For additional web related logging consider setting the 'logging.level.web' property to 'DEBUG'
2023-02-04 14:35:24 [restartedMain] INFO  o.s.cloud.context.scope.GenericScope - BeanFactory id=757a1e86-1d02-3335-8b65-af385edd70b3
2023-02-04 14:35:26 [restartedMain] INFO  o.s.b.w.e.tomcat.TomcatWebServer - Tomcat initialized with port(s): 8090 (http)
2023-02-04 14:35:26 [restartedMain] INFO  o.a.coyote.http11.Http11NioProtocol - Initializing ProtocolHandler ["http-nio-8090"]
2023-02-04 14:35:26 [restartedMain] INFO  o.a.catalina.core.StandardService - Starting service [Tomcat]
2023-02-04 14:35:26 [restartedMain] INFO  o.a.catalina.core.StandardEngine - Starting Servlet engine: [Apache Tomcat/9.0.65]
2023-02-04 14:35:26 [restartedMain] INFO  o.a.c.c.C.[Tomcat].[localhost].[/] - Initializing Spring embedded WebApplicationContext
2023-02-04 14:35:26 [restartedMain] INFO  o.s.b.w.s.c.ServletWebServerApplicationContext - Root WebApplicationContext: initialization completed in 3794 ms
2023-02-04 14:35:27 [restartedMain] INFO  o.s.b.d.a.OptionalLiveReloadServer - LiveReload server is running on port 35729
2023-02-04 14:35:28 [restartedMain] WARN  o.s.b.w.s.c.AnnotationConfigServletWebServerApplicationContext - Exception encountered during context initialization - cancelling refresh attempt: org.springframework.beans.factory.BeanCreationException: Error creating bean with name 'defaultEnvironmentRepository' defined in class path resource [org/springframework/cloud/config/server/config/DefaultRepositoryConfiguration.class]: Invocation of init method failed; nested exception is java.lang.IllegalStateException: You need to configure a uri for the git repository.
2023-02-04 14:35:28 [restartedMain] INFO  o.a.catalina.core.StandardService - Stopping service [Tomcat]
2023-02-04 14:35:28 [restartedMain] INFO  o.s.b.a.l.ConditionEvaluationReportLoggingListener - 

Error starting ApplicationContext. To display the conditions report re-run your application with 'debug' enabled.
2023-02-04 14:35:28 [restartedMain] ERROR o.s.b.d.LoggingFailureAnalysisReporter - 

***************************
APPLICATION FAILED TO START
***************************

Description:

Invalid config server configuration.

Action:

If you are using the git profile, you need to set a Git URI in your configuration.  If you have set spring.cloud.config.server.bootstrap=true, you need to use a composite configuration.

2023-02-04 14:39:36 [background-preinit] INFO  o.h.validator.internal.util.Version - HV000001: Hibernate Validator 6.2.5.Final
2023-02-04 14:39:36 [restartedMain] INFO  o.s.o.c.s.OpenChallengesConfigServer - Starting OpenChallengesConfigServer using Java 17.0.4 on 131d17258f7f with PID 25861 (/workspaces/sage-monorepo/apps/openchallenges/config-server/build/classes/java/main started by vscode in /workspaces/sage-monorepo/apps/openchallenges/config-server)
2023-02-04 14:39:36 [restartedMain] INFO  o.s.o.c.s.OpenChallengesConfigServer - No active profile set, falling back to 1 default profile: "default"
2023-02-04 14:39:36 [restartedMain] INFO  o.s.b.d.e.DevToolsPropertyDefaultsPostProcessor - Devtools property defaults active! Set 'spring.devtools.add-properties' to 'false' to disable
2023-02-04 14:39:36 [restartedMain] INFO  o.s.b.d.e.DevToolsPropertyDefaultsPostProcessor - For additional web related logging consider setting the 'logging.level.web' property to 'DEBUG'
2023-02-04 14:39:37 [restartedMain] INFO  o.s.cloud.context.scope.GenericScope - BeanFactory id=757a1e86-1d02-3335-8b65-af385edd70b3
2023-02-04 14:39:38 [restartedMain] INFO  o.s.b.w.e.tomcat.TomcatWebServer - Tomcat initialized with port(s): 8090 (http)
2023-02-04 14:39:38 [restartedMain] INFO  o.a.coyote.http11.Http11NioProtocol - Initializing ProtocolHandler ["http-nio-8090"]
2023-02-04 14:39:38 [restartedMain] INFO  o.a.catalina.core.StandardService - Starting service [Tomcat]
2023-02-04 14:39:38 [restartedMain] INFO  o.a.catalina.core.StandardEngine - Starting Servlet engine: [Apache Tomcat/9.0.65]
2023-02-04 14:39:38 [restartedMain] INFO  o.a.c.c.C.[Tomcat].[localhost].[/] - Initializing Spring embedded WebApplicationContext
2023-02-04 14:39:38 [restartedMain] INFO  o.s.b.w.s.c.ServletWebServerApplicationContext - Root WebApplicationContext: initialization completed in 2046 ms
2023-02-04 14:39:38 [restartedMain] INFO  o.s.b.d.a.OptionalLiveReloadServer - LiveReload server is running on port 35729
2023-02-04 14:39:39 [restartedMain] WARN  o.s.b.w.s.c.AnnotationConfigServletWebServerApplicationContext - Exception encountered during context initialization - cancelling refresh attempt: org.springframework.beans.factory.BeanCreationException: Error creating bean with name 'defaultEnvironmentRepository' defined in class path resource [org/springframework/cloud/config/server/config/DefaultRepositoryConfiguration.class]: Invocation of init method failed; nested exception is java.lang.IllegalStateException: You need to configure a uri for the git repository.
2023-02-04 14:39:39 [restartedMain] INFO  o.a.catalina.core.StandardService - Stopping service [Tomcat]
2023-02-04 14:39:39 [restartedMain] INFO  o.s.b.a.l.ConditionEvaluationReportLoggingListener - 

Error starting ApplicationContext. To display the conditions report re-run your application with 'debug' enabled.
2023-02-04 14:39:39 [restartedMain] ERROR o.s.b.d.LoggingFailureAnalysisReporter - 

***************************
APPLICATION FAILED TO START
***************************

Description:

Invalid config server configuration.

Action:

If you are using the git profile, you need to set a Git URI in your configuration.  If you have set spring.cloud.config.server.bootstrap=true, you need to use a composite configuration.

2023-02-04 14:43:06 [background-preinit] INFO  o.h.validator.internal.util.Version - HV000001: Hibernate Validator 6.2.5.Final
2023-02-04 14:43:06 [restartedMain] INFO  o.s.o.c.s.OpenChallengesConfigServer - Starting OpenChallengesConfigServer using Java 17.0.4 on 131d17258f7f with PID 28051 (/workspaces/sage-monorepo/apps/openchallenges/config-server/build/classes/java/main started by vscode in /workspaces/sage-monorepo/apps/openchallenges/config-server)
2023-02-04 14:43:06 [restartedMain] INFO  o.s.o.c.s.OpenChallengesConfigServer - No active profile set, falling back to 1 default profile: "default"
2023-02-04 14:43:07 [restartedMain] INFO  o.s.b.d.e.DevToolsPropertyDefaultsPostProcessor - Devtools property defaults active! Set 'spring.devtools.add-properties' to 'false' to disable
2023-02-04 14:43:07 [restartedMain] INFO  o.s.b.d.e.DevToolsPropertyDefaultsPostProcessor - For additional web related logging consider setting the 'logging.level.web' property to 'DEBUG'
2023-02-04 14:43:08 [restartedMain] INFO  o.s.cloud.context.scope.GenericScope - BeanFactory id=757a1e86-1d02-3335-8b65-af385edd70b3
2023-02-04 14:43:08 [restartedMain] INFO  o.s.b.w.e.tomcat.TomcatWebServer - Tomcat initialized with port(s): 8090 (http)
2023-02-04 14:43:08 [restartedMain] INFO  o.a.coyote.http11.Http11NioProtocol - Initializing ProtocolHandler ["http-nio-8090"]
2023-02-04 14:43:08 [restartedMain] INFO  o.a.catalina.core.StandardService - Starting service [Tomcat]
2023-02-04 14:43:08 [restartedMain] INFO  o.a.catalina.core.StandardEngine - Starting Servlet engine: [Apache Tomcat/9.0.65]
2023-02-04 14:43:08 [restartedMain] INFO  o.a.c.c.C.[Tomcat].[localhost].[/] - Initializing Spring embedded WebApplicationContext
2023-02-04 14:43:08 [restartedMain] INFO  o.s.b.w.s.c.ServletWebServerApplicationContext - Root WebApplicationContext: initialization completed in 1664 ms
2023-02-04 14:43:09 [restartedMain] INFO  o.s.b.d.a.OptionalLiveReloadServer - LiveReload server is running on port 35729
2023-02-04 14:43:09 [restartedMain] INFO  o.a.coyote.http11.Http11NioProtocol - Starting ProtocolHandler ["http-nio-8090"]
2023-02-04 14:43:09 [restartedMain] INFO  o.s.b.w.e.tomcat.TomcatWebServer - Tomcat started on port(s): 8090 (http) with context path ''
2023-02-04 14:43:09 [restartedMain] INFO  o.s.o.c.s.OpenChallengesConfigServer - Started OpenChallengesConfigServer in 3.074 seconds (JVM running for 3.734)
2023-02-04 14:45:25 [restartedMain] INFO  o.s.o.c.s.OpenChallengesConfigServerApplication - Starting OpenChallengesConfigServerApplication using Java 17.0.4 on 131d17258f7f with PID 29655 (/workspaces/sage-monorepo/apps/openchallenges/config-server/build/classes/java/main started by vscode in /workspaces/sage-monorepo/apps/openchallenges/config-server)
2023-02-04 14:45:25 [restartedMain] INFO  o.s.o.c.s.OpenChallengesConfigServerApplication - No active profile set, falling back to 1 default profile: "default"
2023-02-04 14:45:25 [background-preinit] INFO  o.h.validator.internal.util.Version - HV000001: Hibernate Validator 6.2.5.Final
2023-02-04 14:45:25 [restartedMain] INFO  o.s.b.d.e.DevToolsPropertyDefaultsPostProcessor - Devtools property defaults active! Set 'spring.devtools.add-properties' to 'false' to disable
2023-02-04 14:45:25 [restartedMain] INFO  o.s.b.d.e.DevToolsPropertyDefaultsPostProcessor - For additional web related logging consider setting the 'logging.level.web' property to 'DEBUG'
2023-02-04 14:45:26 [restartedMain] INFO  o.s.cloud.context.scope.GenericScope - BeanFactory id=dfc8442a-7b18-3bcc-95ff-da59b6b8ecae
2023-02-04 14:45:27 [restartedMain] INFO  o.s.b.w.e.tomcat.TomcatWebServer - Tomcat initialized with port(s): 8090 (http)
2023-02-04 14:45:27 [restartedMain] INFO  o.a.coyote.http11.Http11NioProtocol - Initializing ProtocolHandler ["http-nio-8090"]
2023-02-04 14:45:27 [restartedMain] INFO  o.a.catalina.core.StandardService - Starting service [Tomcat]
2023-02-04 14:45:27 [restartedMain] INFO  o.a.catalina.core.StandardEngine - Starting Servlet engine: [Apache Tomcat/9.0.65]
2023-02-04 14:45:27 [restartedMain] INFO  o.a.c.c.C.[Tomcat].[localhost].[/] - Initializing Spring embedded WebApplicationContext
2023-02-04 14:45:27 [restartedMain] INFO  o.s.b.w.s.c.ServletWebServerApplicationContext - Root WebApplicationContext: initialization completed in 1802 ms
2023-02-04 14:45:27 [restartedMain] INFO  o.s.b.d.a.OptionalLiveReloadServer - LiveReload server is running on port 35729
2023-02-04 14:45:28 [restartedMain] INFO  o.a.coyote.http11.Http11NioProtocol - Starting ProtocolHandler ["http-nio-8090"]
2023-02-04 14:45:28 [restartedMain] INFO  o.s.b.w.e.tomcat.TomcatWebServer - Tomcat started on port(s): 8090 (http) with context path ''
2023-02-04 14:45:28 [restartedMain] INFO  o.s.o.c.s.OpenChallengesConfigServerApplication - Started OpenChallengesConfigServerApplication in 3.308 seconds (JVM running for 3.926)
2023-02-04 14:49:42 [background-preinit] INFO  o.h.validator.internal.util.Version - HV000001: Hibernate Validator 6.2.5.Final
2023-02-04 14:49:42 [restartedMain] INFO  o.s.o.c.s.OpenChallengesConfigServerApplication - Starting OpenChallengesConfigServerApplication using Java 17.0.4 on 131d17258f7f with PID 661 (/workspaces/sage-monorepo/apps/openchallenges/config-server/build/classes/java/main started by vscode in /workspaces/sage-monorepo/apps/openchallenges/config-server)
2023-02-04 14:49:42 [restartedMain] INFO  o.s.o.c.s.OpenChallengesConfigServerApplication - No active profile set, falling back to 1 default profile: "default"
2023-02-04 14:49:42 [restartedMain] INFO  o.s.b.d.e.DevToolsPropertyDefaultsPostProcessor - Devtools property defaults active! Set 'spring.devtools.add-properties' to 'false' to disable
2023-02-04 14:49:42 [restartedMain] INFO  o.s.b.d.e.DevToolsPropertyDefaultsPostProcessor - For additional web related logging consider setting the 'logging.level.web' property to 'DEBUG'
2023-02-04 14:49:44 [restartedMain] INFO  o.s.cloud.context.scope.GenericScope - BeanFactory id=1c787a32-f92f-36a7-b846-e93787b25891
2023-02-04 14:49:45 [restartedMain] INFO  o.s.b.w.e.tomcat.TomcatWebServer - Tomcat initialized with port(s): 8090 (http)
2023-02-04 14:49:45 [restartedMain] INFO  o.a.coyote.http11.Http11NioProtocol - Initializing ProtocolHandler ["http-nio-8090"]
2023-02-04 14:49:45 [restartedMain] INFO  o.a.catalina.core.StandardService - Starting service [Tomcat]
2023-02-04 14:49:45 [restartedMain] INFO  o.a.catalina.core.StandardEngine - Starting Servlet engine: [Apache Tomcat/9.0.65]
2023-02-04 14:49:46 [restartedMain] INFO  o.a.c.c.C.[Tomcat].[localhost].[/] - Initializing Spring embedded WebApplicationContext
2023-02-04 14:49:46 [restartedMain] INFO  o.s.b.w.s.c.ServletWebServerApplicationContext - Root WebApplicationContext: initialization completed in 3746 ms
2023-02-04 14:49:47 [restartedMain] INFO  o.s.b.d.a.OptionalLiveReloadServer - LiveReload server is running on port 35729
2023-02-04 14:49:47 [restartedMain] INFO  o.s.b.a.e.web.EndpointLinksResolver - Exposing 1 endpoint(s) beneath base path '/actuator'
2023-02-04 14:49:47 [restartedMain] INFO  o.a.coyote.http11.Http11NioProtocol - Starting ProtocolHandler ["http-nio-8090"]
2023-02-04 14:49:48 [restartedMain] INFO  o.s.b.w.e.tomcat.TomcatWebServer - Tomcat started on port(s): 8090 (http) with context path ''
2023-02-04 14:49:48 [restartedMain] INFO  o.s.o.c.s.OpenChallengesConfigServerApplication - Started OpenChallengesConfigServerApplication in 6.626 seconds (JVM running for 7.931)
2023-02-04 14:50:03 [http-nio-8090-exec-1] INFO  o.a.c.c.C.[Tomcat].[localhost].[/] - Initializing Spring DispatcherServlet 'dispatcherServlet'
2023-02-04 14:50:03 [http-nio-8090-exec-1] INFO  o.s.web.servlet.DispatcherServlet - Initializing Servlet 'dispatcherServlet'
2023-02-04 14:50:03 [http-nio-8090-exec-1] INFO  o.s.web.servlet.DispatcherServlet - Completed initialization in 2 ms
